Docker image path: index.docker.io/mwalzer/qc-plotter:v0.3
Cache folder set to /homes/yperez/.singularity/docker
Docker image path: index.docker.io/mwalzer/qc-plotter:v0.3
Cache folder set to /homes/yperez/.singularity/docker
Creating container runtime...
Docker image path: index.docker.io/mwalzer/qc-plotter:v0.3
Cache folder set to /homes/yperez/.singularity/docker
Creating container runtime...
Exploding layer: sha256:d3938036b19cfa369e1081a6776b07b54be9612bc4c8fed7f139370c8142b79f.tar.gz
Exploding layer: sha256:d3938036b19cfa369e1081a6776b07b54be9612bc4c8fed7f139370c8142b79f.tar.gz
Creating container runtime...
Docker image path: index.docker.io/mwalzer/qc-plotter:v0.3
Cache folder set to /homes/yperez/.singularity/docker
Exploding layer: sha256:d3938036b19cfa369e1081a6776b07b54be9612bc4c8fed7f139370c8142b79f.tar.gz
Creating container runtime...
Exploding layer: sha256:d3938036b19cfa369e1081a6776b07b54be9612bc4c8fed7f139370c8142b79f.tar.gz
Docker image path: index.docker.io/mwalzer/qc-plotter:v0.3
Cache folder set to /homes/yperez/.singularity/docker
Creating container runtime...
Exploding layer: sha256:d3938036b19cfa369e1081a6776b07b54be9612bc4c8fed7f139370c8142b79f.tar.gz
Docker image path: index.docker.io/mwalzer/qc-plotter:v0.3
Cache folder set to /homes/yperez/.singularity/docker
Creating container runtime...
Exploding layer: sha256:d3938036b19cfa369e1081a6776b07b54be9612bc4c8fed7f139370c8142b79f.tar.gz
Docker image path: index.docker.io/mwalzer/qc-plotter:v0.3
Cache folder set to /homes/yperez/.singularity/docker
Creating container runtime...
Exploding layer: sha256:d3938036b19cfa369e1081a6776b07b54be9612bc4c8fed7f139370c8142b79f.tar.gz
Exploding layer: sha256:a9b30c108bda615dc10e402f62d712f413214ea92c7ec4354cd1cc0f3450bc58.tar.gz
Exploding layer: sha256:a9b30c108bda615dc10e402f62d712f413214ea92c7ec4354cd1cc0f3450bc58.tar.gz
Exploding layer: sha256:67de21feec183fcd009a5eddc4de8c346ee0f4369a20047f1a302a90716fc741.tar.gz
Exploding layer: sha256:67de21feec183fcd009a5eddc4de8c346ee0f4369a20047f1a302a90716fc741.tar.gz
Exploding layer: sha256:a9b30c108bda615dc10e402f62d712f413214ea92c7ec4354cd1cc0f3450bc58.tar.gz
Exploding layer: sha256:67de21feec183fcd009a5eddc4de8c346ee0f4369a20047f1a302a90716fc741.tar.gz
Exploding layer: sha256:817da545be2ba4bac8f6b4da584bca0fb4844938ecc462b9feab1001b5df7405.tar.gz
Exploding layer: sha256:817da545be2ba4bac8f6b4da584bca0fb4844938ecc462b9feab1001b5df7405.tar.gz
Exploding layer: sha256:d967c497ce230b63996a7b1fc6ec95b741aea9348118d3328c676f13be789fa7.tar.gz
Exploding layer: sha256:d967c497ce230b63996a7b1fc6ec95b741aea9348118d3328c676f13be789fa7.tar.gz
Exploding layer: sha256:d97ff22af9f3374c5b9435f992be5394f48395395226f1680151bc1d5d4a4e17.tar.gz
Exploding layer: sha256:817da545be2ba4bac8f6b4da584bca0fb4844938ecc462b9feab1001b5df7405.tar.gz
Exploding layer: sha256:5607872a3b5d9c60dadd44e21606f540482da2b7aa453d60373508fc6793533b.tar.gz
Exploding layer: sha256:d97ff22af9f3374c5b9435f992be5394f48395395226f1680151bc1d5d4a4e17.tar.gz
Exploding layer: sha256:a9b30c108bda615dc10e402f62d712f413214ea92c7ec4354cd1cc0f3450bc58.tar.gz
Exploding layer: sha256:d967c497ce230b63996a7b1fc6ec95b741aea9348118d3328c676f13be789fa7.tar.gz
Exploding layer: sha256:e0bcc1bab5534be8347888193b8f6881ae98fd46a14123e122124d8988fdb790.tar.gz
Exploding layer: sha256:5607872a3b5d9c60dadd44e21606f540482da2b7aa453d60373508fc6793533b.tar.gz
Exploding layer: sha256:67de21feec183fcd009a5eddc4de8c346ee0f4369a20047f1a302a90716fc741.tar.gz
Exploding layer: sha256:d97ff22af9f3374c5b9435f992be5394f48395395226f1680151bc1d5d4a4e17.tar.gz
Exploding layer: sha256:e08186912faf3ce0686d6dbbbc5351d696a3a0008215060c366627d06729d784.tar.gz
Exploding layer: sha256:e0bcc1bab5534be8347888193b8f6881ae98fd46a14123e122124d8988fdb790.tar.gz
Exploding layer: sha256:5607872a3b5d9c60dadd44e21606f540482da2b7aa453d60373508fc6793533b.tar.gz
Exploding layer: sha256:5d5289ee7309dda4eca9bf0054a52e0c722a2d7712ffb42f84b4778701039275.tar.gz
Exploding layer: sha256:817da545be2ba4bac8f6b4da584bca0fb4844938ecc462b9feab1001b5df7405.tar.gz
Exploding layer: sha256:e08186912faf3ce0686d6dbbbc5351d696a3a0008215060c366627d06729d784.tar.gz
Exploding layer: sha256:e0bcc1bab5534be8347888193b8f6881ae98fd46a14123e122124d8988fdb790.tar.gz
Exploding layer: sha256:d7327e50845302d5ed9d21301ddce2d17dc0e335727dee65b46772646c2b1cea.tar.gz
Exploding layer: sha256:d967c497ce230b63996a7b1fc6ec95b741aea9348118d3328c676f13be789fa7.tar.gz
Exploding layer: sha256:5d5289ee7309dda4eca9bf0054a52e0c722a2d7712ffb42f84b4778701039275.tar.gz
Exploding layer: sha256:e08186912faf3ce0686d6dbbbc5351d696a3a0008215060c366627d06729d784.tar.gz
Exploding layer: sha256:d97ff22af9f3374c5b9435f992be5394f48395395226f1680151bc1d5d4a4e17.tar.gz
Exploding layer: sha256:d7327e50845302d5ed9d21301ddce2d17dc0e335727dee65b46772646c2b1cea.tar.gz
Exploding layer: sha256:5d5289ee7309dda4eca9bf0054a52e0c722a2d7712ffb42f84b4778701039275.tar.gz
Exploding layer: sha256:5607872a3b5d9c60dadd44e21606f540482da2b7aa453d60373508fc6793533b.tar.gz
Exploding layer: sha256:d7327e50845302d5ed9d21301ddce2d17dc0e335727dee65b46772646c2b1cea.tar.gz
Exploding layer: sha256:e0bcc1bab5534be8347888193b8f6881ae98fd46a14123e122124d8988fdb790.tar.gz
Exploding layer: sha256:e08186912faf3ce0686d6dbbbc5351d696a3a0008215060c366627d06729d784.tar.gz
Exploding layer: sha256:5d5289ee7309dda4eca9bf0054a52e0c722a2d7712ffb42f84b4778701039275.tar.gz
Exploding layer: sha256:d7327e50845302d5ed9d21301ddce2d17dc0e335727dee65b46772646c2b1cea.tar.gz
Exploding layer: sha256:ff5694be96dfb89800d3735b3634800911e0f4fa8949e2f45bff2b78f53b7327.tar.gz
Exploding layer: sha256:ff5694be96dfb89800d3735b3634800911e0f4fa8949e2f45bff2b78f53b7327.tar.gz
Exploding layer: sha256:ff5694be96dfb89800d3735b3634800911e0f4fa8949e2f45bff2b78f53b7327.tar.gz
Exploding layer: sha256:a9b30c108bda615dc10e402f62d712f413214ea92c7ec4354cd1cc0f3450bc58.tar.gz
Exploding layer: sha256:ff5694be96dfb89800d3735b3634800911e0f4fa8949e2f45bff2b78f53b7327.tar.gz
Exploding layer: sha256:214af1e2b8cfe28257789bc3c60caaa023879f3cd5d4ef0df05023c0ac8c9517.tar.gz
Exploding layer: sha256:214af1e2b8cfe28257789bc3c60caaa023879f3cd5d4ef0df05023c0ac8c9517.tar.gz
Exploding layer: sha256:67de21feec183fcd009a5eddc4de8c346ee0f4369a20047f1a302a90716fc741.tar.gz
Exploding layer: sha256:214af1e2b8cfe28257789bc3c60caaa023879f3cd5d4ef0df05023c0ac8c9517.tar.gz
Exploding layer: sha256:214af1e2b8cfe28257789bc3c60caaa023879f3cd5d4ef0df05023c0ac8c9517.tar.gz
Exploding layer: sha256:d023b81da45be6ec49fd2613c3a7d8849f809ffc3dcdd454220a2b928c64ac50.tar.gz
Exploding layer: sha256:d023b81da45be6ec49fd2613c3a7d8849f809ffc3dcdd454220a2b928c64ac50.tar.gz
Exploding layer: sha256:817da545be2ba4bac8f6b4da584bca0fb4844938ecc462b9feab1001b5df7405.tar.gz
Exploding layer: sha256:d023b81da45be6ec49fd2613c3a7d8849f809ffc3dcdd454220a2b928c64ac50.tar.gz
Exploding layer: sha256:d023b81da45be6ec49fd2613c3a7d8849f809ffc3dcdd454220a2b928c64ac50.tar.gz
Exploding layer: sha256:d967c497ce230b63996a7b1fc6ec95b741aea9348118d3328c676f13be789fa7.tar.gz
Exploding layer: sha256:21aadd85e9ba7826384f58f869b5bfd055bb07f081d0b84fd4bbd1cd45a72a79.tar.gz
Exploding layer: sha256:21aadd85e9ba7826384f58f869b5bfd055bb07f081d0b84fd4bbd1cd45a72a79.tar.gz
Exploding layer: sha256:d97ff22af9f3374c5b9435f992be5394f48395395226f1680151bc1d5d4a4e17.tar.gz
Exploding layer: sha256:21aadd85e9ba7826384f58f869b5bfd055bb07f081d0b84fd4bbd1cd45a72a79.tar.gz
Exploding layer: sha256:783074856279b107f704d590e5c5ab9212ec8c7f428b00fab7265648ccc214fc.tar.gz
Exploding layer: sha256:21aadd85e9ba7826384f58f869b5bfd055bb07f081d0b84fd4bbd1cd45a72a79.tar.gz
Exploding layer: sha256:783074856279b107f704d590e5c5ab9212ec8c7f428b00fab7265648ccc214fc.tar.gz
Exploding layer: sha256:5607872a3b5d9c60dadd44e21606f540482da2b7aa453d60373508fc6793533b.tar.gz
Exploding layer: sha256:783074856279b107f704d590e5c5ab9212ec8c7f428b00fab7265648ccc214fc.tar.gz
Exploding layer: sha256:a9b30c108bda615dc10e402f62d712f413214ea92c7ec4354cd1cc0f3450bc58.tar.gz
Exploding layer: sha256:db196e2a1cf2f28428bd0353be8a168c9d031ecefa13c882707ff29f896c2931.tar.gz
Exploding layer: sha256:783074856279b107f704d590e5c5ab9212ec8c7f428b00fab7265648ccc214fc.tar.gz
Exploding layer: sha256:db196e2a1cf2f28428bd0353be8a168c9d031ecefa13c882707ff29f896c2931.tar.gz
Exploding layer: sha256:e0bcc1bab5534be8347888193b8f6881ae98fd46a14123e122124d8988fdb790.tar.gz
Exploding layer: sha256:67de21feec183fcd009a5eddc4de8c346ee0f4369a20047f1a302a90716fc741.tar.gz
Exploding layer: sha256:db196e2a1cf2f28428bd0353be8a168c9d031ecefa13c882707ff29f896c2931.tar.gz
Exploding layer: sha256:db196e2a1cf2f28428bd0353be8a168c9d031ecefa13c882707ff29f896c2931.tar.gz
Exploding layer: sha256:e08186912faf3ce0686d6dbbbc5351d696a3a0008215060c366627d06729d784.tar.gz
Exploding layer: sha256:817da545be2ba4bac8f6b4da584bca0fb4844938ecc462b9feab1001b5df7405.tar.gz
Exploding layer: sha256:5d5289ee7309dda4eca9bf0054a52e0c722a2d7712ffb42f84b4778701039275.tar.gz
Exploding layer: sha256:d967c497ce230b63996a7b1fc6ec95b741aea9348118d3328c676f13be789fa7.tar.gz
Exploding layer: sha256:a9b30c108bda615dc10e402f62d712f413214ea92c7ec4354cd1cc0f3450bc58.tar.gz
Exploding layer: sha256:d7327e50845302d5ed9d21301ddce2d17dc0e335727dee65b46772646c2b1cea.tar.gz
Exploding layer: sha256:d97ff22af9f3374c5b9435f992be5394f48395395226f1680151bc1d5d4a4e17.tar.gz
Exploding layer: sha256:67de21feec183fcd009a5eddc4de8c346ee0f4369a20047f1a302a90716fc741.tar.gz
Exploding layer: sha256:5607872a3b5d9c60dadd44e21606f540482da2b7aa453d60373508fc6793533b.tar.gz
Exploding layer: sha256:e0bcc1bab5534be8347888193b8f6881ae98fd46a14123e122124d8988fdb790.tar.gz
Exploding layer: sha256:e08186912faf3ce0686d6dbbbc5351d696a3a0008215060c366627d06729d784.tar.gz
Exploding layer: sha256:817da545be2ba4bac8f6b4da584bca0fb4844938ecc462b9feab1001b5df7405.tar.gz
Exploding layer: sha256:5d5289ee7309dda4eca9bf0054a52e0c722a2d7712ffb42f84b4778701039275.tar.gz
Exploding layer: sha256:d967c497ce230b63996a7b1fc6ec95b741aea9348118d3328c676f13be789fa7.tar.gz
Exploding layer: sha256:d7327e50845302d5ed9d21301ddce2d17dc0e335727dee65b46772646c2b1cea.tar.gz
Exploding layer: sha256:d97ff22af9f3374c5b9435f992be5394f48395395226f1680151bc1d5d4a4e17.tar.gz
Exploding layer: sha256:5607872a3b5d9c60dadd44e21606f540482da2b7aa453d60373508fc6793533b.tar.gz
Exploding layer: sha256:e0bcc1bab5534be8347888193b8f6881ae98fd46a14123e122124d8988fdb790.tar.gz
Exploding layer: sha256:e08186912faf3ce0686d6dbbbc5351d696a3a0008215060c366627d06729d784.tar.gz
Exploding layer: sha256:5d5289ee7309dda4eca9bf0054a52e0c722a2d7712ffb42f84b4778701039275.tar.gz
Exploding layer: sha256:d7327e50845302d5ed9d21301ddce2d17dc0e335727dee65b46772646c2b1cea.tar.gz
Exploding layer: sha256:5c993b5b14750204878eedb656a69599f0f2853f6319f6aadabc699c52e48ece.tar.gz
Exploding layer: sha256:5c993b5b14750204878eedb656a69599f0f2853f6319f6aadabc699c52e48ece.tar.gz
Exploding layer: sha256:ff5694be96dfb89800d3735b3634800911e0f4fa8949e2f45bff2b78f53b7327.tar.gz
Exploding layer: sha256:ff5694be96dfb89800d3735b3634800911e0f4fa8949e2f45bff2b78f53b7327.tar.gz
Exploding layer: sha256:214af1e2b8cfe28257789bc3c60caaa023879f3cd5d4ef0df05023c0ac8c9517.tar.gz
Exploding layer: sha256:5c993b5b14750204878eedb656a69599f0f2853f6319f6aadabc699c52e48ece.tar.gz
Exploding layer: sha256:5c993b5b14750204878eedb656a69599f0f2853f6319f6aadabc699c52e48ece.tar.gz
Exploding layer: sha256:214af1e2b8cfe28257789bc3c60caaa023879f3cd5d4ef0df05023c0ac8c9517.tar.gz
Exploding layer: sha256:d023b81da45be6ec49fd2613c3a7d8849f809ffc3dcdd454220a2b928c64ac50.tar.gz
Exploding layer: sha256:ff5694be96dfb89800d3735b3634800911e0f4fa8949e2f45bff2b78f53b7327.tar.gz
Exploding layer: sha256:d023b81da45be6ec49fd2613c3a7d8849f809ffc3dcdd454220a2b928c64ac50.tar.gz
Exploding layer: sha256:21aadd85e9ba7826384f58f869b5bfd055bb07f081d0b84fd4bbd1cd45a72a79.tar.gz
Exploding layer: sha256:21aadd85e9ba7826384f58f869b5bfd055bb07f081d0b84fd4bbd1cd45a72a79.tar.gz
Exploding layer: sha256:783074856279b107f704d590e5c5ab9212ec8c7f428b00fab7265648ccc214fc.tar.gz
Exploding layer: sha256:214af1e2b8cfe28257789bc3c60caaa023879f3cd5d4ef0df05023c0ac8c9517.tar.gz
Exploding layer: sha256:783074856279b107f704d590e5c5ab9212ec8c7f428b00fab7265648ccc214fc.tar.gz
Exploding layer: sha256:db196e2a1cf2f28428bd0353be8a168c9d031ecefa13c882707ff29f896c2931.tar.gz
Exploding layer: sha256:d023b81da45be6ec49fd2613c3a7d8849f809ffc3dcdd454220a2b928c64ac50.tar.gz
Exploding layer: sha256:db196e2a1cf2f28428bd0353be8a168c9d031ecefa13c882707ff29f896c2931.tar.gz
Exploding layer: sha256:21aadd85e9ba7826384f58f869b5bfd055bb07f081d0b84fd4bbd1cd45a72a79.tar.gz
Exploding layer: sha256:783074856279b107f704d590e5c5ab9212ec8c7f428b00fab7265648ccc214fc.tar.gz
Exploding layer: sha256:db196e2a1cf2f28428bd0353be8a168c9d031ecefa13c882707ff29f896c2931.tar.gz
Exploding layer: sha256:d795ad4a4899677ef0ad75e5f600ed36e4061baf273d8ba14a6411046741601f.tar.gz
Docker image path: index.docker.io/mwalzer/qc-plotter:v0.3
Cache folder set to /homes/yperez/.singularity/docker
Exploding layer: sha256:d795ad4a4899677ef0ad75e5f600ed36e4061baf273d8ba14a6411046741601f.tar.gz
Creating container runtime...
Docker image path: index.docker.io/mwalzer/qc-plotter:v0.3
Cache folder set to /homes/yperez/.singularity/docker
Exploding layer: sha256:d3938036b19cfa369e1081a6776b07b54be9612bc4c8fed7f139370c8142b79f.tar.gz
Creating container runtime...
Exploding layer: sha256:d3938036b19cfa369e1081a6776b07b54be9612bc4c8fed7f139370c8142b79f.tar.gz
Exploding layer: sha256:d795ad4a4899677ef0ad75e5f600ed36e4061baf273d8ba14a6411046741601f.tar.gz
Exploding layer: sha256:d795ad4a4899677ef0ad75e5f600ed36e4061baf273d8ba14a6411046741601f.tar.gz
Exploding layer: sha256:5c993b5b14750204878eedb656a69599f0f2853f6319f6aadabc699c52e48ece.tar.gz
Exploding layer: sha256:5c993b5b14750204878eedb656a69599f0f2853f6319f6aadabc699c52e48ece.tar.gz
Exploding layer: sha256:5c993b5b14750204878eedb656a69599f0f2853f6319f6aadabc699c52e48ece.tar.gz
Exploding layer: sha256:d795ad4a4899677ef0ad75e5f600ed36e4061baf273d8ba14a6411046741601f.tar.gz
Exploding layer: sha256:d795ad4a4899677ef0ad75e5f600ed36e4061baf273d8ba14a6411046741601f.tar.gz
Exploding layer: sha256:d795ad4a4899677ef0ad75e5f600ed36e4061baf273d8ba14a6411046741601f.tar.gz
Exploding layer: sha256:a9b30c108bda615dc10e402f62d712f413214ea92c7ec4354cd1cc0f3450bc58.tar.gz
Exploding layer: sha256:67de21feec183fcd009a5eddc4de8c346ee0f4369a20047f1a302a90716fc741.tar.gz
Exploding layer: sha256:817da545be2ba4bac8f6b4da584bca0fb4844938ecc462b9feab1001b5df7405.tar.gz
Exploding layer: sha256:d967c497ce230b63996a7b1fc6ec95b741aea9348118d3328c676f13be789fa7.tar.gz
Exploding layer: sha256:d97ff22af9f3374c5b9435f992be5394f48395395226f1680151bc1d5d4a4e17.tar.gz
Exploding layer: sha256:5607872a3b5d9c60dadd44e21606f540482da2b7aa453d60373508fc6793533b.tar.gz
Exploding layer: sha256:e0bcc1bab5534be8347888193b8f6881ae98fd46a14123e122124d8988fdb790.tar.gz
Exploding layer: sha256:e08186912faf3ce0686d6dbbbc5351d696a3a0008215060c366627d06729d784.tar.gz
Exploding layer: sha256:5d5289ee7309dda4eca9bf0054a52e0c722a2d7712ffb42f84b4778701039275.tar.gz
Exploding layer: sha256:d7327e50845302d5ed9d21301ddce2d17dc0e335727dee65b46772646c2b1cea.tar.gz
Exploding layer: sha256:a9b30c108bda615dc10e402f62d712f413214ea92c7ec4354cd1cc0f3450bc58.tar.gz
Exploding layer: sha256:67de21feec183fcd009a5eddc4de8c346ee0f4369a20047f1a302a90716fc741.tar.gz
Exploding layer: sha256:817da545be2ba4bac8f6b4da584bca0fb4844938ecc462b9feab1001b5df7405.tar.gz
Exploding layer: sha256:d967c497ce230b63996a7b1fc6ec95b741aea9348118d3328c676f13be789fa7.tar.gz
Exploding layer: sha256:d97ff22af9f3374c5b9435f992be5394f48395395226f1680151bc1d5d4a4e17.tar.gz
Exploding layer: sha256:5607872a3b5d9c60dadd44e21606f540482da2b7aa453d60373508fc6793533b.tar.gz
Exploding layer: sha256:e0bcc1bab5534be8347888193b8f6881ae98fd46a14123e122124d8988fdb790.tar.gz
Exploding layer: sha256:e08186912faf3ce0686d6dbbbc5351d696a3a0008215060c366627d06729d784.tar.gz
Exploding layer: sha256:5d5289ee7309dda4eca9bf0054a52e0c722a2d7712ffb42f84b4778701039275.tar.gz
Exploding layer: sha256:d7327e50845302d5ed9d21301ddce2d17dc0e335727dee65b46772646c2b1cea.tar.gz
Exploding layer: sha256:ff5694be96dfb89800d3735b3634800911e0f4fa8949e2f45bff2b78f53b7327.tar.gz
Exploding layer: sha256:214af1e2b8cfe28257789bc3c60caaa023879f3cd5d4ef0df05023c0ac8c9517.tar.gz
Exploding layer: sha256:d023b81da45be6ec49fd2613c3a7d8849f809ffc3dcdd454220a2b928c64ac50.tar.gz
Exploding layer: sha256:21aadd85e9ba7826384f58f869b5bfd055bb07f081d0b84fd4bbd1cd45a72a79.tar.gz
Exploding layer: sha256:783074856279b107f704d590e5c5ab9212ec8c7f428b00fab7265648ccc214fc.tar.gz
Exploding layer: sha256:db196e2a1cf2f28428bd0353be8a168c9d031ecefa13c882707ff29f896c2931.tar.gz
Exploding layer: sha256:ff5694be96dfb89800d3735b3634800911e0f4fa8949e2f45bff2b78f53b7327.tar.gz
Exploding layer: sha256:214af1e2b8cfe28257789bc3c60caaa023879f3cd5d4ef0df05023c0ac8c9517.tar.gz
Exploding layer: sha256:d023b81da45be6ec49fd2613c3a7d8849f809ffc3dcdd454220a2b928c64ac50.tar.gz
Exploding layer: sha256:454b3c261ed66d690426519fadeb5ed3e90f8144e66d27b4deb1efb1a5414fe9.tar.gz
Exploding layer: sha256:21aadd85e9ba7826384f58f869b5bfd055bb07f081d0b84fd4bbd1cd45a72a79.tar.gz
Exploding layer: sha256:783074856279b107f704d590e5c5ab9212ec8c7f428b00fab7265648ccc214fc.tar.gz
Exploding layer: sha256:db196e2a1cf2f28428bd0353be8a168c9d031ecefa13c882707ff29f896c2931.tar.gz
Exploding layer: sha256:454b3c261ed66d690426519fadeb5ed3e90f8144e66d27b4deb1efb1a5414fe9.tar.gz
Exploding layer: sha256:454b3c261ed66d690426519fadeb5ed3e90f8144e66d27b4deb1efb1a5414fe9.tar.gz
Exploding layer: sha256:454b3c261ed66d690426519fadeb5ed3e90f8144e66d27b4deb1efb1a5414fe9.tar.gz
Exploding layer: sha256:5c993b5b14750204878eedb656a69599f0f2853f6319f6aadabc699c52e48ece.tar.gz
Exploding layer: sha256:5c993b5b14750204878eedb656a69599f0f2853f6319f6aadabc699c52e48ece.tar.gz
Exploding layer: sha256:d795ad4a4899677ef0ad75e5f600ed36e4061baf273d8ba14a6411046741601f.tar.gz
Exploding layer: sha256:454b3c261ed66d690426519fadeb5ed3e90f8144e66d27b4deb1efb1a5414fe9.tar.gz
Exploding layer: sha256:38451ee0142f1da520aeeb7754467e5e5f850f1f4dd7e1c70ca29729cd16c32e.tar.gz
Exploding layer: sha256:454b3c261ed66d690426519fadeb5ed3e90f8144e66d27b4deb1efb1a5414fe9.tar.gz
Exploding layer: sha256:38451ee0142f1da520aeeb7754467e5e5f850f1f4dd7e1c70ca29729cd16c32e.tar.gz
Exploding layer: sha256:d795ad4a4899677ef0ad75e5f600ed36e4061baf273d8ba14a6411046741601f.tar.gz
Exploding layer: sha256:454b3c261ed66d690426519fadeb5ed3e90f8144e66d27b4deb1efb1a5414fe9.tar.gz
Exploding layer: sha256:38451ee0142f1da520aeeb7754467e5e5f850f1f4dd7e1c70ca29729cd16c32e.tar.gz
Exploding layer: sha256:38451ee0142f1da520aeeb7754467e5e5f850f1f4dd7e1c70ca29729cd16c32e.tar.gz
Exploding layer: sha256:38451ee0142f1da520aeeb7754467e5e5f850f1f4dd7e1c70ca29729cd16c32e.tar.gz
Exploding layer: sha256:38451ee0142f1da520aeeb7754467e5e5f850f1f4dd7e1c70ca29729cd16c32e.tar.gz
Exploding layer: sha256:38451ee0142f1da520aeeb7754467e5e5f850f1f4dd7e1c70ca29729cd16c32e.tar.gz
Exploding layer: sha256:454b3c261ed66d690426519fadeb5ed3e90f8144e66d27b4deb1efb1a5414fe9.tar.gz
Exploding layer: sha256:454b3c261ed66d690426519fadeb5ed3e90f8144e66d27b4deb1efb1a5414fe9.tar.gz
Exploding layer: sha256:38451ee0142f1da520aeeb7754467e5e5f850f1f4dd7e1c70ca29729cd16c32e.tar.gz
Exploding layer: sha256:38451ee0142f1da520aeeb7754467e5e5f850f1f4dd7e1c70ca29729cd16c32e.tar.gz
Exploding layer: sha256:38cf00e1af9b34ade9c59fbb13a9a1a1b788797e4be802451e8c8e9b471daf13.tar.gz
Exploding layer: sha256:38cf00e1af9b34ade9c59fbb13a9a1a1b788797e4be802451e8c8e9b471daf13.tar.gz
Exploding layer: sha256:31960da8ecaf604fb7b7a2ec070d3aa23a52bc5aa18f80cd752791476afadb76.tar.gz
Exploding layer: sha256:38cf00e1af9b34ade9c59fbb13a9a1a1b788797e4be802451e8c8e9b471daf13.tar.gz
Exploding layer: sha256:38cf00e1af9b34ade9c59fbb13a9a1a1b788797e4be802451e8c8e9b471daf13.tar.gz
Exploding layer: sha256:31960da8ecaf604fb7b7a2ec070d3aa23a52bc5aa18f80cd752791476afadb76.tar.gz
Exploding layer: sha256:31960da8ecaf604fb7b7a2ec070d3aa23a52bc5aa18f80cd752791476afadb76.tar.gz
Exploding layer: sha256:31960da8ecaf604fb7b7a2ec070d3aa23a52bc5aa18f80cd752791476afadb76.tar.gz
Exploding layer: sha256:38cf00e1af9b34ade9c59fbb13a9a1a1b788797e4be802451e8c8e9b471daf13.tar.gz
Exploding layer: sha256:31960da8ecaf604fb7b7a2ec070d3aa23a52bc5aa18f80cd752791476afadb76.tar.gz
Exploding layer: sha256:38cf00e1af9b34ade9c59fbb13a9a1a1b788797e4be802451e8c8e9b471daf13.tar.gz
Exploding layer: sha256:38cf00e1af9b34ade9c59fbb13a9a1a1b788797e4be802451e8c8e9b471daf13.tar.gz
Exploding layer: sha256:31960da8ecaf604fb7b7a2ec070d3aa23a52bc5aa18f80cd752791476afadb76.tar.gz
Exploding layer: sha256:31960da8ecaf604fb7b7a2ec070d3aa23a52bc5aa18f80cd752791476afadb76.tar.gz
Exploding layer: sha256:38cf00e1af9b34ade9c59fbb13a9a1a1b788797e4be802451e8c8e9b471daf13.tar.gz
Exploding layer: sha256:31960da8ecaf604fb7b7a2ec070d3aa23a52bc5aa18f80cd752791476afadb76.tar.gz
Exploding layer: sha256:38cf00e1af9b34ade9c59fbb13a9a1a1b788797e4be802451e8c8e9b471daf13.tar.gz
Exploding layer: sha256:31960da8ecaf604fb7b7a2ec070d3aa23a52bc5aa18f80cd752791476afadb76.tar.gz
Exploding layer: sha256:a51d3683b450be6e183297ddefb48689f71cebfe1512d612913e470d63ff470b.tar.gz
Exploding layer: sha256:1cf27c02893702f36021590c7781a8025dcecc8918b84f747d3e5006bf9ef503.tar.gz
Exploding layer: sha256:7ce418738f5a8d07ebcfd6d7a603bac63e0940c2aa2cdbed35081be1409ff8b1.tar.gz
Exploding layer: sha256:a51d3683b450be6e183297ddefb48689f71cebfe1512d612913e470d63ff470b.tar.gz
Exploding layer: sha256:1cf27c02893702f36021590c7781a8025dcecc8918b84f747d3e5006bf9ef503.tar.gz
Exploding layer: sha256:7ce418738f5a8d07ebcfd6d7a603bac63e0940c2aa2cdbed35081be1409ff8b1.tar.gz
Exploding layer: sha256:a51d3683b450be6e183297ddefb48689f71cebfe1512d612913e470d63ff470b.tar.gz
Exploding layer: sha256:1cf27c02893702f36021590c7781a8025dcecc8918b84f747d3e5006bf9ef503.tar.gz
Exploding layer: sha256:7ce418738f5a8d07ebcfd6d7a603bac63e0940c2aa2cdbed35081be1409ff8b1.tar.gz
Exploding layer: sha256:a51d3683b450be6e183297ddefb48689f71cebfe1512d612913e470d63ff470b.tar.gz
Exploding layer: sha256:1cf27c02893702f36021590c7781a8025dcecc8918b84f747d3e5006bf9ef503.tar.gz
Exploding layer: sha256:7ce418738f5a8d07ebcfd6d7a603bac63e0940c2aa2cdbed35081be1409ff8b1.tar.gz
Exploding layer: sha256:a51d3683b450be6e183297ddefb48689f71cebfe1512d612913e470d63ff470b.tar.gz
Exploding layer: sha256:1cf27c02893702f36021590c7781a8025dcecc8918b84f747d3e5006bf9ef503.tar.gz
Exploding layer: sha256:7ce418738f5a8d07ebcfd6d7a603bac63e0940c2aa2cdbed35081be1409ff8b1.tar.gz
Exploding layer: sha256:62542859156f0707df6ae2176d80dba58effd9fcd9e23db935e4850dbc376822.tar.gz
Exploding layer: sha256:a51d3683b450be6e183297ddefb48689f71cebfe1512d612913e470d63ff470b.tar.gz
Exploding layer: sha256:1cf27c02893702f36021590c7781a8025dcecc8918b84f747d3e5006bf9ef503.tar.gz
Exploding layer: sha256:7ce418738f5a8d07ebcfd6d7a603bac63e0940c2aa2cdbed35081be1409ff8b1.tar.gz
Exploding layer: sha256:62542859156f0707df6ae2176d80dba58effd9fcd9e23db935e4850dbc376822.tar.gz
Exploding layer: sha256:62542859156f0707df6ae2176d80dba58effd9fcd9e23db935e4850dbc376822.tar.gz
Exploding layer: sha256:62542859156f0707df6ae2176d80dba58effd9fcd9e23db935e4850dbc376822.tar.gz
Exploding layer: sha256:62542859156f0707df6ae2176d80dba58effd9fcd9e23db935e4850dbc376822.tar.gz
Exploding layer: sha256:a51d3683b450be6e183297ddefb48689f71cebfe1512d612913e470d63ff470b.tar.gz
Exploding layer: sha256:1cf27c02893702f36021590c7781a8025dcecc8918b84f747d3e5006bf9ef503.tar.gz
Exploding layer: sha256:7ce418738f5a8d07ebcfd6d7a603bac63e0940c2aa2cdbed35081be1409ff8b1.tar.gz
Exploding layer: sha256:62542859156f0707df6ae2176d80dba58effd9fcd9e23db935e4850dbc376822.tar.gz
Exploding layer: sha256:a51d3683b450be6e183297ddefb48689f71cebfe1512d612913e470d63ff470b.tar.gz
Exploding layer: sha256:1cf27c02893702f36021590c7781a8025dcecc8918b84f747d3e5006bf9ef503.tar.gz
Exploding layer: sha256:7ce418738f5a8d07ebcfd6d7a603bac63e0940c2aa2cdbed35081be1409ff8b1.tar.gz
Exploding layer: sha256:62542859156f0707df6ae2176d80dba58effd9fcd9e23db935e4850dbc376822.tar.gz
Exploding layer: sha256:a51d3683b450be6e183297ddefb48689f71cebfe1512d612913e470d63ff470b.tar.gz
Exploding layer: sha256:1cf27c02893702f36021590c7781a8025dcecc8918b84f747d3e5006bf9ef503.tar.gz
Exploding layer: sha256:7ce418738f5a8d07ebcfd6d7a603bac63e0940c2aa2cdbed35081be1409ff8b1.tar.gz
Exploding layer: sha256:62542859156f0707df6ae2176d80dba58effd9fcd9e23db935e4850dbc376822.tar.gz
Exploding layer: sha256:62542859156f0707df6ae2176d80dba58effd9fcd9e23db935e4850dbc376822.tar.gz
Exploding layer: sha256:72e42ddf15e9c42bb5ae42edd75e5089df2244c87bf9171e90a6a4630e59c6b6.tar.gz
Exploding layer: sha256:72e42ddf15e9c42bb5ae42edd75e5089df2244c87bf9171e90a6a4630e59c6b6.tar.gz
Exploding layer: sha256:68b253c3621b15658ea1b5d0e173619e64a98d92c0b37727ce4ea1f5249cf096.tar.gz
Exploding layer: sha256:68b253c3621b15658ea1b5d0e173619e64a98d92c0b37727ce4ea1f5249cf096.tar.gz
Exploding layer: sha256:8f92928035ad11524f971e7b7bcd95a3ff40805a051f94e738c38549d0a714d5.tar.gz
Exploding layer: sha256:8f92928035ad11524f971e7b7bcd95a3ff40805a051f94e738c38549d0a714d5.tar.gz
Exploding layer: sha256:72e42ddf15e9c42bb5ae42edd75e5089df2244c87bf9171e90a6a4630e59c6b6.tar.gz
Exploding layer: sha256:68b253c3621b15658ea1b5d0e173619e64a98d92c0b37727ce4ea1f5249cf096.tar.gz
Exploding layer: sha256:72e42ddf15e9c42bb5ae42edd75e5089df2244c87bf9171e90a6a4630e59c6b6.tar.gz
Exploding layer: sha256:68b253c3621b15658ea1b5d0e173619e64a98d92c0b37727ce4ea1f5249cf096.tar.gz
Exploding layer: sha256:8f92928035ad11524f971e7b7bcd95a3ff40805a051f94e738c38549d0a714d5.tar.gz
Exploding layer: sha256:d53aba9059fa95a79e7fdac5751bbc3863045ebce7f23fb2a49d5c6b00de30a6.tar.gz
Exploding layer: sha256:d53aba9059fa95a79e7fdac5751bbc3863045ebce7f23fb2a49d5c6b00de30a6.tar.gz
Exploding layer: sha256:b379303be28362a88d891969d6176edbadfdc543483dfb47327e93c02f6f24ae.tar.gz
Exploding layer: sha256:b379303be28362a88d891969d6176edbadfdc543483dfb47327e93c02f6f24ae.tar.gz
Exploding layer: sha256:8f92928035ad11524f971e7b7bcd95a3ff40805a051f94e738c38549d0a714d5.tar.gz
Exploding layer: sha256:72e42ddf15e9c42bb5ae42edd75e5089df2244c87bf9171e90a6a4630e59c6b6.tar.gz
Exploding layer: sha256:d53aba9059fa95a79e7fdac5751bbc3863045ebce7f23fb2a49d5c6b00de30a6.tar.gz
Exploding layer: sha256:b379303be28362a88d891969d6176edbadfdc543483dfb47327e93c02f6f24ae.tar.gz
Exploding layer: sha256:72e42ddf15e9c42bb5ae42edd75e5089df2244c87bf9171e90a6a4630e59c6b6.tar.gz
Exploding layer: sha256:68b253c3621b15658ea1b5d0e173619e64a98d92c0b37727ce4ea1f5249cf096.tar.gz
Exploding layer: sha256:68b253c3621b15658ea1b5d0e173619e64a98d92c0b37727ce4ea1f5249cf096.tar.gz
Exploding layer: sha256:d53aba9059fa95a79e7fdac5751bbc3863045ebce7f23fb2a49d5c6b00de30a6.tar.gz
Exploding layer: sha256:8f92928035ad11524f971e7b7bcd95a3ff40805a051f94e738c38549d0a714d5.tar.gz
Exploding layer: sha256:b379303be28362a88d891969d6176edbadfdc543483dfb47327e93c02f6f24ae.tar.gz
Exploding layer: sha256:8f92928035ad11524f971e7b7bcd95a3ff40805a051f94e738c38549d0a714d5.tar.gz
Exploding layer: sha256:d53aba9059fa95a79e7fdac5751bbc3863045ebce7f23fb2a49d5c6b00de30a6.tar.gz
Exploding layer: sha256:d53aba9059fa95a79e7fdac5751bbc3863045ebce7f23fb2a49d5c6b00de30a6.tar.gz
Exploding layer: sha256:b379303be28362a88d891969d6176edbadfdc543483dfb47327e93c02f6f24ae.tar.gz
Exploding layer: sha256:b379303be28362a88d891969d6176edbadfdc543483dfb47327e93c02f6f24ae.tar.gz
Exploding layer: sha256:72e42ddf15e9c42bb5ae42edd75e5089df2244c87bf9171e90a6a4630e59c6b6.tar.gz
Exploding layer: sha256:68b253c3621b15658ea1b5d0e173619e64a98d92c0b37727ce4ea1f5249cf096.tar.gz
Exploding layer: sha256:8f92928035ad11524f971e7b7bcd95a3ff40805a051f94e738c38549d0a714d5.tar.gz
Exploding layer: sha256:72e42ddf15e9c42bb5ae42edd75e5089df2244c87bf9171e90a6a4630e59c6b6.tar.gz
Exploding layer: sha256:68b253c3621b15658ea1b5d0e173619e64a98d92c0b37727ce4ea1f5249cf096.tar.gz
Exploding layer: sha256:d230c414ec21450ed77305ae482f6946918df6ae77fc4d247eba2a4534772545.tar.gz
Exploding layer: sha256:335b038322956deba3e75819f48332b0732a107646eb815fa2365ab904d7108c.tar.gz
Exploding layer: sha256:3a79f7e370e9e7ff67c8e377798aa3140f7dc52c93542361281450aa72e3b977.tar.gz
Exploding layer: sha256:8f92928035ad11524f971e7b7bcd95a3ff40805a051f94e738c38549d0a714d5.tar.gz
Exploding layer: sha256:a2f2cd8a1626287361e4589509970a0491330a27bf66052b2cdb8af22f9ac0f7.tar.gz
Exploding layer: sha256:d53aba9059fa95a79e7fdac5751bbc3863045ebce7f23fb2a49d5c6b00de30a6.tar.gz
Exploding layer: sha256:b379303be28362a88d891969d6176edbadfdc543483dfb47327e93c02f6f24ae.tar.gz
Exploding layer: sha256:e536e2902e10a43a1817683b6e2fad0c943a61c635ab501e27603f1f1dff712a.tar.gz
Exploding layer: sha256:010fda23548d8b3579e220a49dc96a32964daad8fca5a1447757d6a700a821c2.tar.gz
Exploding layer: sha256:560b4f4b590b5596d3ff1feccf2221de7edb9dfd90970a8d6c37b961d8227d7c.tar.gz
Exploding layer: sha256:249817effc328d8611ac309a2cb13d51b16e4239d55ce19804e099bead1d35c1.tar.gz
Exploding layer: sha256:9d4b7195e11c170de5cc1944d51bc969d6314f57436815968292a361c35cf33d.tar.gz
Exploding layer: sha256:d230c414ec21450ed77305ae482f6946918df6ae77fc4d247eba2a4534772545.tar.gz
Exploding layer: sha256:d230c414ec21450ed77305ae482f6946918df6ae77fc4d247eba2a4534772545.tar.gz
Exploding layer: sha256:335b038322956deba3e75819f48332b0732a107646eb815fa2365ab904d7108c.tar.gz
Exploding layer: sha256:335b038322956deba3e75819f48332b0732a107646eb815fa2365ab904d7108c.tar.gz
Exploding layer: sha256:3a79f7e370e9e7ff67c8e377798aa3140f7dc52c93542361281450aa72e3b977.tar.gz
Exploding layer: sha256:3a79f7e370e9e7ff67c8e377798aa3140f7dc52c93542361281450aa72e3b977.tar.gz
Exploding layer: sha256:a2f2cd8a1626287361e4589509970a0491330a27bf66052b2cdb8af22f9ac0f7.tar.gz
Exploding layer: sha256:d53aba9059fa95a79e7fdac5751bbc3863045ebce7f23fb2a49d5c6b00de30a6.tar.gz
Exploding layer: sha256:a2f2cd8a1626287361e4589509970a0491330a27bf66052b2cdb8af22f9ac0f7.tar.gz
Exploding layer: sha256:b379303be28362a88d891969d6176edbadfdc543483dfb47327e93c02f6f24ae.tar.gz
Exploding layer: sha256:e536e2902e10a43a1817683b6e2fad0c943a61c635ab501e27603f1f1dff712a.tar.gz
Exploding layer: sha256:e536e2902e10a43a1817683b6e2fad0c943a61c635ab501e27603f1f1dff712a.tar.gz
Exploding layer: sha256:010fda23548d8b3579e220a49dc96a32964daad8fca5a1447757d6a700a821c2.tar.gz
Exploding layer: sha256:010fda23548d8b3579e220a49dc96a32964daad8fca5a1447757d6a700a821c2.tar.gz
Exploding layer: sha256:560b4f4b590b5596d3ff1feccf2221de7edb9dfd90970a8d6c37b961d8227d7c.tar.gz
Exploding layer: sha256:249817effc328d8611ac309a2cb13d51b16e4239d55ce19804e099bead1d35c1.tar.gz
Exploding layer: sha256:560b4f4b590b5596d3ff1feccf2221de7edb9dfd90970a8d6c37b961d8227d7c.tar.gz
Exploding layer: sha256:3534b2c10f5b1b02183a6d023a01cac20f74dc8fda5876a7119ecb58812ee596.tar.gz
Exploding layer: sha256:249817effc328d8611ac309a2cb13d51b16e4239d55ce19804e099bead1d35c1.tar.gz
Exploding layer: sha256:92aedf4762df97ef7dc13a31f863e4854a12b1b54947313135f68b6ddf273168.tar.gz
Exploding layer: sha256:72e42ddf15e9c42bb5ae42edd75e5089df2244c87bf9171e90a6a4630e59c6b6.tar.gz
Exploding layer: sha256:68b253c3621b15658ea1b5d0e173619e64a98d92c0b37727ce4ea1f5249cf096.tar.gz
Exploding layer: sha256:d230c414ec21450ed77305ae482f6946918df6ae77fc4d247eba2a4534772545.tar.gz
Exploding layer: sha256:335b038322956deba3e75819f48332b0732a107646eb815fa2365ab904d7108c.tar.gz
Exploding layer: sha256:3a79f7e370e9e7ff67c8e377798aa3140f7dc52c93542361281450aa72e3b977.tar.gz
Exploding layer: sha256:a2f2cd8a1626287361e4589509970a0491330a27bf66052b2cdb8af22f9ac0f7.tar.gz
Exploding layer: sha256:e536e2902e10a43a1817683b6e2fad0c943a61c635ab501e27603f1f1dff712a.tar.gz
Exploding layer: sha256:010fda23548d8b3579e220a49dc96a32964daad8fca5a1447757d6a700a821c2.tar.gz
Exploding layer: sha256:8f92928035ad11524f971e7b7bcd95a3ff40805a051f94e738c38549d0a714d5.tar.gz
Exploding layer: sha256:560b4f4b590b5596d3ff1feccf2221de7edb9dfd90970a8d6c37b961d8227d7c.tar.gz
Exploding layer: sha256:249817effc328d8611ac309a2cb13d51b16e4239d55ce19804e099bead1d35c1.tar.gz
Exploding layer: sha256:231c545cb71546b1f635990226bbd1f5e9c51505ed4e3302ba0e92971a683f7e.tar.gz
Exploding layer: sha256:d230c414ec21450ed77305ae482f6946918df6ae77fc4d247eba2a4534772545.tar.gz
Exploding layer: sha256:d230c414ec21450ed77305ae482f6946918df6ae77fc4d247eba2a4534772545.tar.gz
Exploding layer: sha256:335b038322956deba3e75819f48332b0732a107646eb815fa2365ab904d7108c.tar.gz
Exploding layer: sha256:335b038322956deba3e75819f48332b0732a107646eb815fa2365ab904d7108c.tar.gz
Exploding layer: sha256:3a79f7e370e9e7ff67c8e377798aa3140f7dc52c93542361281450aa72e3b977.tar.gz
Exploding layer: sha256:3a79f7e370e9e7ff67c8e377798aa3140f7dc52c93542361281450aa72e3b977.tar.gz
Exploding layer: sha256:a2f2cd8a1626287361e4589509970a0491330a27bf66052b2cdb8af22f9ac0f7.tar.gz
Exploding layer: sha256:e536e2902e10a43a1817683b6e2fad0c943a61c635ab501e27603f1f1dff712a.tar.gz
Exploding layer: sha256:010fda23548d8b3579e220a49dc96a32964daad8fca5a1447757d6a700a821c2.tar.gz
Exploding layer: sha256:560b4f4b590b5596d3ff1feccf2221de7edb9dfd90970a8d6c37b961d8227d7c.tar.gz
Exploding layer: sha256:249817effc328d8611ac309a2cb13d51b16e4239d55ce19804e099bead1d35c1.tar.gz
Exploding layer: sha256:d53aba9059fa95a79e7fdac5751bbc3863045ebce7f23fb2a49d5c6b00de30a6.tar.gz
Exploding layer: sha256:8d8f34ad907ea06d804e50439e8f3ffca8dc0006b56b084910191bf5abe0da4c.tar.gz
Exploding layer: sha256:b379303be28362a88d891969d6176edbadfdc543483dfb47327e93c02f6f24ae.tar.gz
Exploding layer: sha256:a2f2cd8a1626287361e4589509970a0491330a27bf66052b2cdb8af22f9ac0f7.tar.gz
Exploding layer: sha256:e536e2902e10a43a1817683b6e2fad0c943a61c635ab501e27603f1f1dff712a.tar.gz
Exploding layer: sha256:010fda23548d8b3579e220a49dc96a32964daad8fca5a1447757d6a700a821c2.tar.gz
Exploding layer: sha256:560b4f4b590b5596d3ff1feccf2221de7edb9dfd90970a8d6c37b961d8227d7c.tar.gz
Exploding layer: sha256:249817effc328d8611ac309a2cb13d51b16e4239d55ce19804e099bead1d35c1.tar.gz
Exploding layer: sha256:744e6cffb0f93bc3d1a9c583c625de783391e2ab223deb49378c30fc0c06c1b6.tar.gz
Exploding layer: sha256:d230c414ec21450ed77305ae482f6946918df6ae77fc4d247eba2a4534772545.tar.gz
Exploding layer: sha256:335b038322956deba3e75819f48332b0732a107646eb815fa2365ab904d7108c.tar.gz
Exploding layer: sha256:3a79f7e370e9e7ff67c8e377798aa3140f7dc52c93542361281450aa72e3b977.tar.gz
Exploding layer: sha256:a2f2cd8a1626287361e4589509970a0491330a27bf66052b2cdb8af22f9ac0f7.tar.gz
Exploding layer: sha256:e536e2902e10a43a1817683b6e2fad0c943a61c635ab501e27603f1f1dff712a.tar.gz
Exploding layer: sha256:010fda23548d8b3579e220a49dc96a32964daad8fca5a1447757d6a700a821c2.tar.gz
Exploding layer: sha256:560b4f4b590b5596d3ff1feccf2221de7edb9dfd90970a8d6c37b961d8227d7c.tar.gz
Exploding layer: sha256:249817effc328d8611ac309a2cb13d51b16e4239d55ce19804e099bead1d35c1.tar.gz
Version 2.3.0 of QCExtractor is available at www.OpenMS.de
Exploding layer: sha256:516f9a3b7f50c2714de61a8c10b9437bed2774a053868a749542090e21827e0a.tar.gz
Exploding layer: sha256:d230c414ec21450ed77305ae482f6946918df6ae77fc4d247eba2a4534772545.tar.gz
Exploding layer: sha256:335b038322956deba3e75819f48332b0732a107646eb815fa2365ab904d7108c.tar.gz
Exploding layer: sha256:3a79f7e370e9e7ff67c8e377798aa3140f7dc52c93542361281450aa72e3b977.tar.gz
Exploding layer: sha256:a2f2cd8a1626287361e4589509970a0491330a27bf66052b2cdb8af22f9ac0f7.tar.gz
Exploding layer: sha256:e536e2902e10a43a1817683b6e2fad0c943a61c635ab501e27603f1f1dff712a.tar.gz
Exploding layer: sha256:010fda23548d8b3579e220a49dc96a32964daad8fca5a1447757d6a700a821c2.tar.gz
Exploding layer: sha256:560b4f4b590b5596d3ff1feccf2221de7edb9dfd90970a8d6c37b961d8227d7c.tar.gz
Exploding layer: sha256:249817effc328d8611ac309a2cb13d51b16e4239d55ce19804e099bead1d35c1.tar.gz
Exploding layer: sha256:ffeeaf74831e9a9bfa7a557e1f58b1cd5b37feb0c7cb0ad30c81c4ed922d2fee.tar.gz
Version 2.3.0 of QCExtractor is available at www.OpenMS.de
Version 2.3.0 of QCExtractor is available at www.OpenMS.de
Version 2.3.0 of QCExtractor is available at www.OpenMS.de
Exploding layer: sha256:d230c414ec21450ed77305ae482f6946918df6ae77fc4d247eba2a4534772545.tar.gz
Exploding layer: sha256:335b038322956deba3e75819f48332b0732a107646eb815fa2365ab904d7108c.tar.gz
Exploding layer: sha256:3a79f7e370e9e7ff67c8e377798aa3140f7dc52c93542361281450aa72e3b977.tar.gz
Exploding layer: sha256:a2f2cd8a1626287361e4589509970a0491330a27bf66052b2cdb8af22f9ac0f7.tar.gz
Version 2.3.0 of QCExtractor is available at www.OpenMS.de
Exploding layer: sha256:e536e2902e10a43a1817683b6e2fad0c943a61c635ab501e27603f1f1dff712a.tar.gz
Exploding layer: sha256:010fda23548d8b3579e220a49dc96a32964daad8fca5a1447757d6a700a821c2.tar.gz
Exploding layer: sha256:560b4f4b590b5596d3ff1feccf2221de7edb9dfd90970a8d6c37b961d8227d7c.tar.gz
Exploding layer: sha256:249817effc328d8611ac309a2cb13d51b16e4239d55ce19804e099bead1d35c1.tar.gz
Exploding layer: sha256:9edcf05c53df434e5f49eab680c334d4054acea8307ab1a75d3dc5d02cf893f6.tar.gz
Version 2.3.0 of QCExtractor is available at www.OpenMS.de
QCExtractor took 1.21 s (wall), 1.00 s (CPU), 0.08 s (system), 0.92 s (user).
Version 2.3.0 of QCExtractor is available at www.OpenMS.de
QCExtractor took 1.13 s (wall), 1.11 s (CPU), 0.12 s (system), 0.99 s (user).
QCExtractor took 1.34 s (wall), 1.12 s (CPU), 0.13 s (system), 0.99 s (user).
Version 2.3.0 of QCExtractor is available at www.OpenMS.de
QCExtractor took 1.24 s (wall), 1.24 s (CPU), 0.13 s (system), 1.11 s (user).
[1]  3 22 41 59 78 96
[1]  3 22 41 59 78 96
[1]  3 22 41 59 78 96
QCExtractor took 1.13 s (wall), 1.10 s (CPU), 0.12 s (system), 0.98 s (user).
Version 2.3.0 of QCExtractor is available at www.OpenMS.de
QCExtractor took 1.41 s (wall), 1.13 s (CPU), 0.09 s (system), 1.04 s (user).
QCExtractor took 1.20 s (wall), 1.13 s (CPU), 0.09 s (system), 1.04 s (user).
null device 
          1 

------------------------------------------------------------
Sender: LSF System <lsf@hh-yoda-06-14.ebi.ac.uk>
Subject: Job 4936191: <singularity exec docker://mwalzer/qc-plotter:v0.3 qc_plot.sh -esiinstability esf_1646.qcML> in cluster <YODA> Done

Job <singularity exec docker://mwalzer/qc-plotter:v0.3 qc_plot.sh -esiinstability esf_1646.qcML> was submitted from host <hh-yoda-08-01.ebi.ac.uk> by user <yperez> in cluster <YODA>.
Job was executed on host(s) <hh-yoda-06-14.ebi.ac.uk>, in queue <standard>, as user <yperez> in cluster <YODA>.
</homes/yperez> was used as the home directory.
</hps/nobackup2/proteomics/conversion_comparison/reviewer_additions/reanalysis_pwiz_PXD014346/new_qc> was used as the working directory.
Started at Results reported on 
Your job looked like:

------------------------------------------------------------
# LSBATCH: User input
singularity exec docker://mwalzer/qc-plotter:v0.3 qc_plot.sh -esiinstability esf_1646.qcML
------------------------------------------------------------

Successfully completed.

Resource usage summary:

    CPU time :                                   15.47 sec.
    Max Memory :                                 2 MB
    Average Memory :                             2.00 MB
    Total Requested Memory :                     8192.00 MB
    Delta Memory :                               8190.00 MB
    Max Swap :                                   383 MB
    Max Processes :                              4
    Max Threads :                                5
    Run time :                                   31 sec.
    Turnaround time :                            78 sec.

The output (if any) is above this job summary.



PS:

Read file <esf_1646.qc.err> for stderr output of this job.

QCExtractor took 1.31 s (wall), 1.21 s (CPU), 0.12 s (system), 1.09 s (user).
QCExtractor took 1.31 s (wall), 1.12 s (CPU), 0.12 s (system), 1.00 s (user).
null device 
          1 

------------------------------------------------------------
Sender: LSF System <lsf@hh-yoda-06-02.ebi.ac.uk>
Subject: Job 4936196: <singularity exec docker://mwalzer/qc-plotter:v0.3 qc_plot.sh -ms1sn esf_1646.qcML> in cluster <YODA> Done

Job <singularity exec docker://mwalzer/qc-plotter:v0.3 qc_plot.sh -ms1sn esf_1646.qcML> was submitted from host <hh-yoda-08-01.ebi.ac.uk> by user <yperez> in cluster <YODA>.
Job was executed on host(s) <hh-yoda-06-02.ebi.ac.uk>, in queue <standard>, as user <yperez> in cluster <YODA>.
</homes/yperez> was used as the home directory.
</hps/nobackup2/proteomics/conversion_comparison/reviewer_additions/reanalysis_pwiz_PXD014346/new_qc> was used as the working directory.
Started at Results reported on 
Your job looked like:

------------------------------------------------------------
# LSBATCH: User input
singularity exec docker://mwalzer/qc-plotter:v0.3 qc_plot.sh -ms1sn esf_1646.qcML
------------------------------------------------------------

Successfully completed.

Resource usage summary:

    CPU time :                                   16.18 sec.
    Max Memory :                                 -
    Average Memory :                             -
    Total Requested Memory :                     8192.00 MB
    Delta Memory :                               -
    Max Swap :                                   -
    Max Processes :                              -
    Max Threads :                                -
    Run time :                                   35 sec.
    Turnaround time :                            80 sec.

The output (if any) is above this job summary.



PS:

Read file <esf_1646.qc.err> for stderr output of this job.

null device 
          1 

------------------------------------------------------------
Sender: LSF System <lsf@hh-yoda-02-03.ebi.ac.uk>
Subject: Job 4936198: <singularity exec docker://mwalzer/qc-plotter:v0.3 qc_plot.sh -sn esf_1646.qcML> in cluster <YODA> Done

Job <singularity exec docker://mwalzer/qc-plotter:v0.3 qc_plot.sh -sn esf_1646.qcML> was submitted from host <hh-yoda-08-01.ebi.ac.uk> by user <yperez> in cluster <YODA>.
Job was executed on host(s) <hh-yoda-02-03.ebi.ac.uk>, in queue <standard>, as user <yperez> in cluster <YODA>.
</homes/yperez> was used as the home directory.
</hps/nobackup2/proteomics/conversion_comparison/reviewer_additions/reanalysis_pwiz_PXD014346/new_qc> was used as the working directory.
Started at Results reported on 
Your job looked like:

------------------------------------------------------------
# LSBATCH: User input
singularity exec docker://mwalzer/qc-plotter:v0.3 qc_plot.sh -sn esf_1646.qcML
------------------------------------------------------------

Successfully completed.

Resource usage summary:

    CPU time :                                   17.83 sec.
    Max Memory :                                 1 MB
    Average Memory :                             1.00 MB
    Total Requested Memory :                     8192.00 MB
    Delta Memory :                               8191.00 MB
    Max Swap :                                   247 MB
    Max Processes :                              3
    Max Threads :                                4
    Run time :                                   27 sec.
    Turnaround time :                            83 sec.

The output (if any) is above this job summary.



PS:

Read file <esf_1646.qc.err> for stderr output of this job.

null device 
          1 

------------------------------------------------------------
Sender: LSF System <lsf@hh-yoda-06-16.ebi.ac.uk>
Subject: Job 4936192: <singularity exec docker://mwalzer/qc-plotter:v0.3 qc_plot.sh -ms1peakcount esf_1646.qcML> in cluster <YODA> Done

Job <singularity exec docker://mwalzer/qc-plotter:v0.3 qc_plot.sh -ms1peakcount esf_1646.qcML> was submitted from host <hh-yoda-08-01.ebi.ac.uk> by user <yperez> in cluster <YODA>.
Job was executed on host(s) <hh-yoda-06-16.ebi.ac.uk>, in queue <standard>, as user <yperez> in cluster <YODA>.
</homes/yperez> was used as the home directory.
</hps/nobackup2/proteomics/conversion_comparison/reviewer_additions/reanalysis_pwiz_PXD014346/new_qc> was used as the working directory.
Started at Results reported on 
Your job looked like:

------------------------------------------------------------
# LSBATCH: User input
singularity exec docker://mwalzer/qc-plotter:v0.3 qc_plot.sh -ms1peakcount esf_1646.qcML
------------------------------------------------------------

Successfully completed.

Resource usage summary:

    CPU time :                                   19.86 sec.
    Max Memory :                                 74 MB
    Average Memory :                             74.00 MB
    Total Requested Memory :                     8192.00 MB
    Delta Memory :                               8118.00 MB
    Max Swap :                                   367 MB
    Max Processes :                              4
    Max Threads :                                5
    Run time :                                   31 sec.
    Turnaround time :                            83 sec.

The output (if any) is above this job summary.



PS:

Read file <esf_1646.qc.err> for stderr output of this job.

null device 
          1 

------------------------------------------------------------
Sender: LSF System <lsf@hh-yoda-06-09.ebi.ac.uk>
Subject: Job 4936197: <singularity exec docker://mwalzer/qc-plotter:v0.3 qc_plot.sh -ms2sn esf_1646.qcML> in cluster <YODA> Done

Job <singularity exec docker://mwalzer/qc-plotter:v0.3 qc_plot.sh -ms2sn esf_1646.qcML> was submitted from host <hh-yoda-08-01.ebi.ac.uk> by user <yperez> in cluster <YODA>.
Job was executed on host(s) <hh-yoda-06-09.ebi.ac.uk>, in queue <standard>, as user <yperez> in cluster <YODA>.
</homes/yperez> was used as the home directory.
</hps/nobackup2/proteomics/conversion_comparison/reviewer_additions/reanalysis_pwiz_PXD014346/new_qc> was used as the working directory.
Started at Results reported on 
Your job looked like:

------------------------------------------------------------
# LSBATCH: User input
singularity exec docker://mwalzer/qc-plotter:v0.3 qc_plot.sh -ms2sn esf_1646.qcML
------------------------------------------------------------

Successfully completed.

Resource usage summary:

    CPU time :                                   18.15 sec.
    Max Memory :                                 1 MB
    Average Memory :                             1.00 MB
    Total Requested Memory :                     8192.00 MB
    Delta Memory :                               8191.00 MB
    Max Swap :                                   247 MB
    Max Processes :                              3
    Max Threads :                                4
    Run time :                                   38 sec.
    Turnaround time :                            83 sec.

The output (if any) is above this job summary.



PS:

Read file <esf_1646.qc.err> for stderr output of this job.

null device 
          1 

------------------------------------------------------------
Sender: LSF System <lsf@hh-yoda-06-01.ebi.ac.uk>
Subject: Job 4936193: <singularity exec docker://mwalzer/qc-plotter:v0.3 qc_plot.sh -ms2peakcount esf_1646.qcML> in cluster <YODA> Done

Job <singularity exec docker://mwalzer/qc-plotter:v0.3 qc_plot.sh -ms2peakcount esf_1646.qcML> was submitted from host <hh-yoda-08-01.ebi.ac.uk> by user <yperez> in cluster <YODA>.
Job was executed on host(s) <hh-yoda-06-01.ebi.ac.uk>, in queue <standard>, as user <yperez> in cluster <YODA>.
</homes/yperez> was used as the home directory.
</hps/nobackup2/proteomics/conversion_comparison/reviewer_additions/reanalysis_pwiz_PXD014346/new_qc> was used as the working directory.
Started at Results reported on 
Your job looked like:

------------------------------------------------------------
# LSBATCH: User input
singularity exec docker://mwalzer/qc-plotter:v0.3 qc_plot.sh -ms2peakcount esf_1646.qcML
------------------------------------------------------------

Successfully completed.

Resource usage summary:

    CPU time :                                   21.26 sec.
    Max Memory :                                 -
    Average Memory :                             -
    Total Requested Memory :                     8192.00 MB
    Delta Memory :                               -
    Max Swap :                                   -
    Max Processes :                              -
    Max Threads :                                -
    Run time :                                   29 sec.
    Turnaround time :                            85 sec.

The output (if any) is above this job summary.



PS:

Read file <esf_1646.qc.err> for stderr output of this job.

null device 
          1 

------------------------------------------------------------
Sender: LSF System <lsf@hh-yoda-10-06.ebi.ac.uk>
Subject: Job 4936195: <singularity exec docker://mwalzer/qc-plotter:v0.3 qc_plot.sh -chargehistogramidfree esf_1646.qcML> in cluster <YODA> Done

Job <singularity exec docker://mwalzer/qc-plotter:v0.3 qc_plot.sh -chargehistogramidfree esf_1646.qcML> was submitted from host <hh-yoda-08-01.ebi.ac.uk> by user <yperez> in cluster <YODA>.
Job was executed on host(s) <hh-yoda-10-06.ebi.ac.uk>, in queue <standard>, as user <yperez> in cluster <YODA>.
</homes/yperez> was used as the home directory.
</hps/nobackup2/proteomics/conversion_comparison/reviewer_additions/reanalysis_pwiz_PXD014346/new_qc> was used as the working directory.
Started at Results reported on 
Your job looked like:

------------------------------------------------------------
# LSBATCH: User input
singularity exec docker://mwalzer/qc-plotter:v0.3 qc_plot.sh -chargehistogramidfree esf_1646.qcML
------------------------------------------------------------

Successfully completed.

Resource usage summary:

    CPU time :                                   21.59 sec.
    Max Memory :                                 2 MB
    Average Memory :                             2.00 MB
    Total Requested Memory :                     8192.00 MB
    Delta Memory :                               8190.00 MB
    Max Swap :                                   383 MB
    Max Processes :                              4
    Max Threads :                                5
    Run time :                                   28 sec.
    Turnaround time :                            85 sec.

The output (if any) is above this job summary.



PS:

Read file <esf_1646.qc.err> for stderr output of this job.

null device 
          1 

------------------------------------------------------------
Sender: LSF System <lsf@hh-yoda-08-13.ebi.ac.uk>
Subject: Job 4936194: <singularity exec docker://mwalzer/qc-plotter:v0.3 qc_plot.sh -tic esf_1646.qcML> in cluster <YODA> Done

Job <singularity exec docker://mwalzer/qc-plotter:v0.3 qc_plot.sh -tic esf_1646.qcML> was submitted from host <hh-yoda-08-01.ebi.ac.uk> by user <yperez> in cluster <YODA>.
Job was executed on host(s) <hh-yoda-08-13.ebi.ac.uk>, in queue <standard>, as user <yperez> in cluster <YODA>.
</homes/yperez> was used as the home directory.
</hps/nobackup2/proteomics/conversion_comparison/reviewer_additions/reanalysis_pwiz_PXD014346/new_qc> was used as the working directory.
Started at Results reported on 
Your job looked like:

------------------------------------------------------------
# LSBATCH: User input
singularity exec docker://mwalzer/qc-plotter:v0.3 qc_plot.sh -tic esf_1646.qcML
------------------------------------------------------------

Successfully completed.

Resource usage summary:

    CPU time :                                   22.49 sec.
    Max Memory :                                 15 MB
    Average Memory :                             15.00 MB
    Total Requested Memory :                     8192.00 MB
    Delta Memory :                               8177.00 MB
    Max Swap :                                   464 MB
    Max Processes :                              4
    Max Threads :                                5
    Run time :                                   41 sec.
    Turnaround time :                            86 sec.

The output (if any) is above this job summary.



PS:

Read file <esf_1646.qc.err> for stderr output of this job.

null device 
          1 

------------------------------------------------------------
Sender: LSF System <lsf@hh-yoda-04-02.ebi.ac.uk>
Subject: Job 4936190: <singularity exec docker://mwalzer/qc-plotter:v0.3 qc_plot.sh -auctic esf_1646.qcML> in cluster <YODA> Done

Job <singularity exec docker://mwalzer/qc-plotter:v0.3 qc_plot.sh -auctic esf_1646.qcML> was submitted from host <hh-yoda-08-01.ebi.ac.uk> by user <yperez> in cluster <YODA>.
Job was executed on host(s) <hh-yoda-04-02.ebi.ac.uk>, in queue <standard>, as user <yperez> in cluster <YODA>.
</homes/yperez> was used as the home directory.
</hps/nobackup2/proteomics/conversion_comparison/reviewer_additions/reanalysis_pwiz_PXD014346/new_qc> was used as the working directory.
Started at Results reported on 
Your job looked like:

------------------------------------------------------------
# LSBATCH: User input
singularity exec docker://mwalzer/qc-plotter:v0.3 qc_plot.sh -auctic esf_1646.qcML
------------------------------------------------------------

Successfully completed.

Resource usage summary:

    CPU time :                                   39.09 sec.
    Max Memory :                                 -
    Average Memory :                             -
    Total Requested Memory :                     8192.00 MB
    Delta Memory :                               -
    Max Swap :                                   -
    Max Processes :                              -
    Max Threads :                                -
    Run time :                                   60 sec.
    Turnaround time :                            102 sec.

The output (if any) is above this job summary.



PS:

Read file <esf_1646.qc.err> for stderr output of this job.

